  Assembling Assignment11.asm...
Assignment11.asm(8): error A2008: syntax error : .
Assignment11.asm(9): error A2008: syntax error : .
Assignment11.asm(10): error A2008: syntax error : .
Assignment11.asm(11): error A2008: syntax error : ,
c:\Irvine\SmallWin.inc(10): error A2008: syntax error : .
c:\Irvine\SmallWin.inc(11): error A2008: syntax error : .
c:\Irvine\SmallWin.inc(12): error A2008: syntax error : .
c:\Irvine\SmallWin.inc(299): error A2008: syntax error : ,
c:\Irvine\SmallWin.inc(302): error A2008: syntax error : ,
c:\Irvine\SmallWin.inc(311): error A2008: syntax error : ,
c:\Irvine\SmallWin.inc(314): error A2008: syntax error : ,
c:\Irvine\SmallWin.inc(318): error A2008: syntax error : ,
c:\Irvine\SmallWin.inc(323): error A2008: syntax error : ,
c:\Irvine\SmallWin.inc(332): error A2008: syntax error : ,
c:\Irvine\SmallWin.inc(339): error A2008: syntax error : ,
c:\Irvine\SmallWin.inc(343): error A2008: syntax error : ,
c:\Irvine\SmallWin.inc(347): error A2008: syntax error : ,
c:\Irvine\SmallWin.inc(351): error A2008: syntax error : ,
c:\Irvine\SmallWin.inc(357): error A2008: syntax error : ,
c:\Irvine\SmallWin.inc(362): error A2008: syntax error : ,
c:\Irvine\SmallWin.inc(365): error A2008: syntax error : ,
c:\Irvine\SmallWin.inc(369): error A2008: syntax error : ,
c:\Irvine\SmallWin.inc(372): error A2008: syntax error : ,
c:\Irvine\SmallWin.inc(380): error A2008: syntax error : ,
c:\Irvine\SmallWin.inc(385): error A2008: syntax error : ,
c:\Irvine\SmallWin.inc(390): error A2008: syntax error : ,
c:\Irvine\SmallWin.inc(393): error A2008: syntax error : ,
c:\Irvine\SmallWin.inc(398): error A2008: syntax error : ,
c:\Irvine\SmallWin.inc(403): error A2008: syntax error : ,
c:\Irvine\SmallWin.inc(406): error A2008: syntax error : ,
c:\Irvine\SmallWin.inc(412): error A2008: syntax error : ,
c:\Irvine\SmallWin.inc(418): error A2008: syntax error : ,
c:\Irvine\SmallWin.inc(421): error A2008: syntax error : ,
c:\Irvine\SmallWin.inc(428): error A2008: syntax error : ,
c:\Irvine\SmallWin.inc(434): error A2008: syntax error : ,
c:\Irvine\SmallWin.inc(441): error A2008: syntax error : ,
c:\Irvine\SmallWin.inc(444): error A2008: syntax error : ,
c:\Irvine\SmallWin.inc(448): error A2008: syntax error : ,
c:\Irvine\SmallWin.inc(452): error A2008: syntax error : ,
c:\Irvine\SmallWin.inc(456): error A2008: syntax error : ,
c:\Irvine\SmallWin.inc(460): error A2008: syntax error : ,
c:\Irvine\SmallWin.inc(464): error A2008: syntax error : ,
c:\Irvine\SmallWin.inc(467): error A2008: syntax error : ,
c:\Irvine\SmallWin.inc(472): error A2008: syntax error : ,
c:\Irvine\SmallWin.inc(478): error A2008: syntax error : ,
c:\Irvine\SmallWin.inc(481): error A2008: syntax error : ,
c:\Irvine\SmallWin.inc(484): error A2008: syntax error : ,
c:\Irvine\SmallWin.inc(488): error A2008: syntax error : ,
c:\Irvine\SmallWin.inc(495): error A2008: syntax error : ,
c:\Irvine\SmallWin.inc(502): error A2008: syntax error : ,
c:\Irvine\SmallWin.inc(509): error A2008: syntax error : ,
c:\Irvine\SmallWin.inc(516): error A2008: syntax error : near
c:\Irvine\Irvine32.inc(22): error A2008: syntax error : ,
c:\Irvine\Irvine32.inc(66): error A2008: syntax error : ,
c:\Irvine\Irvine32.inc(71): error A2008: syntax error : ,
c:\Irvine\Irvine32.inc(76): error A2008: syntax error : ,
c:\Irvine\Irvine32.inc(82): error A2008: syntax error : ,
c:\Irvine\Irvine32.inc(87): error A2008: syntax error : ,
c:\Irvine\Irvine32.inc(93): error A2008: syntax error : ,
c:\Irvine\Irvine32.inc(99): error A2008: syntax error : ,
Assignment11.asm(33): error A2008: syntax error : callWriteString
Assignment11.asm(37): error A2008: syntax error : Invoke
Assignment11.asm(40): error A2008: syntax error : main
Assignment11.asm(40): error A2088: END directive required at end of file
Assignment11.asm(24): error A2022: instruction operands must be the same size
Assignment11.asm(29): error A2022: instruction operands must be the same size
C:\Program Files\Microsoft Visual Studio\2022\Community\MSBuild\Microsoft\VC\v170\BuildCustomizations\masm.targets(70,5): error MSB3721: The command "ml64.exe /c /nologo /Zi /Fo"COMSC260_Ch7\x64\Debug\Assignment11.obj" /I "c:\Irvine" /W3 /errorReport:prompt  /TaAssignment11.asm" exited with code 1.
