c:\users\irons\documents\github\cs-coursework\dvc\assembly\comsc260_ch3\comsc260_ch3\debug\addtwo.obj
c:\users\irons\documents\github\cs-coursework\dvc\assembly\comsc260_ch3\comsc260_ch3\debug\labexercise4.obj
c:\users\irons\documents\github\cs-coursework\dvc\assembly\comsc260_ch3\comsc260_ch3\debug\comsc260_ch3.ilk
c:\users\irons\documents\github\cs-coursework\dvc\assembly\comsc260_ch3\debug\comsc260_ch3.pdb
c:\users\irons\documents\github\cs-coursework\dvc\assembly\comsc260_ch3\debug\comsc260_ch3.ilk
c:\users\irons\documents\github\cs-coursework\dvc\assembly\comsc260_ch3\comsc260_ch3\debug\comsc260_ch3.tlog\link-cvtres.read.1.tlog
c:\users\irons\documents\github\cs-coursework\dvc\assembly\comsc260_ch3\comsc260_ch3\debug\comsc260_ch3.tlog\link-cvtres.write.1.tlog
c:\users\irons\documents\github\cs-coursework\dvc\assembly\comsc260_ch3\comsc260_ch3\debug\comsc260_ch3.tlog\link-rc.read.1.tlog
c:\users\irons\documents\github\cs-coursework\dvc\assembly\comsc260_ch3\comsc260_ch3\debug\comsc260_ch3.tlog\link-rc.write.1.tlog
c:\users\irons\documents\github\cs-coursework\dvc\assembly\comsc260_ch3\comsc260_ch3\debug\comsc260_ch3.tlog\link.37484-cvtres.read.1.tlog
c:\users\irons\documents\github\cs-coursework\dvc\assembly\comsc260_ch3\comsc260_ch3\debug\comsc260_ch3.tlog\link.37484-cvtres.write.1.tlog
c:\users\irons\documents\github\cs-coursework\dvc\assembly\comsc260_ch3\comsc260_ch3\debug\comsc260_ch3.tlog\link.37484-rc.read.1.tlog
c:\users\irons\documents\github\cs-coursework\dvc\assembly\comsc260_ch3\comsc260_ch3\debug\comsc260_ch3.tlog\link.37484-rc.write.1.tlog
c:\users\irons\documents\github\cs-coursework\dvc\assembly\comsc260_ch3\comsc260_ch3\debug\comsc260_ch3.tlog\link.37484.read.1.tlog
c:\users\irons\documents\github\cs-coursework\dvc\assembly\comsc260_ch3\comsc260_ch3\debug\comsc260_ch3.tlog\link.37484.write.1.tlog
c:\users\irons\documents\github\cs-coursework\dvc\assembly\comsc260_ch3\comsc260_ch3\debug\comsc260_ch3.tlog\link.command.1.tlog
c:\users\irons\documents\github\cs-coursework\dvc\assembly\comsc260_ch3\comsc260_ch3\debug\comsc260_ch3.tlog\link.read.1.tlog
c:\users\irons\documents\github\cs-coursework\dvc\assembly\comsc260_ch3\comsc260_ch3\debug\comsc260_ch3.tlog\link.secondary.1.tlog
c:\users\irons\documents\github\cs-coursework\dvc\assembly\comsc260_ch3\comsc260_ch3\debug\comsc260_ch3.tlog\link.write.1.tlog
c:\users\irons\documents\github\cs-coursework\dvc\assembly\comsc260_ch3\comsc260_ch3\debug\comsc260_ch3.tlog\masm.read.1u.tlog
c:\users\irons\documents\github\cs-coursework\dvc\assembly\comsc260_ch3\comsc260_ch3\debug\comsc260_ch3.tlog\masm.write.1u.tlog
